<?xml version="1.0" encoding="UTF-8"?>
<testng-results ignored="0" total="1" passed="1" failed="0" skipped="0">
  <reporter-output>
  </reporter-output>
  <suite started-at="2024-12-16T12:08:39 IST" name="Suite" finished-at="2024-12-16T12:08:56 IST" duration-ms="16827">
    <groups>
    </groups>
    <test started-at="2024-12-16T12:08:39 IST" name="Test" finished-at="2024-12-16T12:08:56 IST" duration-ms="16827">
      <class name="utilsactionpages.HotelBookingTest">
        <test-method is-config="true" signature="setup()[pri:0, instance:utilsactionpages.HotelBookingTest@47eaca72]" started-at="2024-12-16T12:08:39 IST" name="setup" finished-at="2024-12-16T12:08:44 IST" duration-ms="5123" status="PASS">
          <reporter-output>
          </reporter-output>
        </test-method> <!-- setup -->
        <test-method signature="testHotelBooking()[pri:0, instance:utilsactionpages.HotelBookingTest@47eaca72]" started-at="2024-12-16T12:08:44 IST" name="testHotelBooking" finished-at="2024-12-16T12:08:55 IST" duration-ms="11670" status="PASS">
          <reporter-output>
          </reporter-output>
        </test-method> <!-- testHotelBooking -->
      </class> <!-- utilsactionpages.HotelBookingTest -->
    </test> <!-- Test -->
  </suite> <!-- Suite -->
</testng-results>
