<?xml version="1.0" encoding="UTF-8"?>
<testng-results ignored="0" total="1" passed="1" failed="0" skipped="0">
  <reporter-output>
  </reporter-output>
  <suite started-at="2024-12-13T23:52:19 IST" name="Default suite" finished-at="2024-12-13T23:52:40 IST" duration-ms="20273">
    <groups>
    </groups>
    <test started-at="2024-12-13T23:52:19 IST" name="Default test" finished-at="2024-12-13T23:52:40 IST" duration-ms="20273">
      <class name="utilsactionpages.HotelBookingTest">
        <test-method is-config="true" signature="setup()[pri:0, instance:utilsactionpages.HotelBookingTest@557caf28]" started-at="2024-12-13T23:52:19 IST" name="setup" finished-at="2024-12-13T23:52:25 IST" duration-ms="5209" status="PASS">
          <reporter-output>
          </reporter-output>
        </test-method> <!-- setup -->
        <test-method signature="testHotelBooking()[pri:0, instance:utilsactionpages.HotelBookingTest@557caf28]" started-at="2024-12-13T23:52:25 IST" name="testHotelBooking" finished-at="2024-12-13T23:52:40 IST" duration-ms="15023" status="PASS">
          <reporter-output>
          </reporter-output>
        </test-method> <!-- testHotelBooking -->
      </class> <!-- utilsactionpages.HotelBookingTest -->
    </test> <!-- Default test -->
  </suite> <!-- Default suite -->
</testng-results>
